<?xml version="1.0" encoding="UTF-8"?>
<testng-results ignored="0" total="1" passed="1" failed="0" skipped="0">
  <reporter-output>
  </reporter-output>
  <suite started-at="2024-12-20T17:03:22 IST" name="Default suite" finished-at="2024-12-20T17:03:56 IST" duration-ms="33814">
    <groups>
    </groups>
    <test started-at="2024-12-20T17:03:22 IST" name="Default test" finished-at="2024-12-20T17:03:56 IST" duration-ms="33814">
      <class name="Files.W3SchoolsTest">
        <test-method is-config="true" signature="initializeExtentReport()[pri:0, instance:Files.W3SchoolsTest@77d2e85]" started-at="2024-12-20T17:03:22 IST" name="initializeExtentReport" finished-at="2024-12-20T17:03:22 IST" duration-ms="180" status="PASS">
          <reporter-output>
          </reporter-output>
        </test-method> <!-- initializeExtentReport -->
        <test-method signature="testSearchFunctionality()[pri:0, instance:Files.W3SchoolsTest@77d2e85]" started-at="2024-12-20T17:03:22 IST" name="testSearchFunctionality" finished-at="2024-12-20T17:03:52 IST" duration-ms="29683" status="PASS">
          <reporter-output>
          </reporter-output>
        </test-method> <!-- testSearchFunctionality -->
        <test-method is-config="true" signature="tearDown()[pri:0, instance:Files.W3SchoolsTest@77d2e85]" started-at="2024-12-20T17:03:52 IST" name="tearDown" finished-at="2024-12-20T17:03:56 IST" duration-ms="3900" status="PASS">
          <reporter-output>
          </reporter-output>
        </test-method> <!-- tearDown -->
      </class> <!-- Files.W3SchoolsTest -->
    </test> <!-- Default test -->
  </suite> <!-- Default suite -->
</testng-results>
